app/build/intermediates/manifest_merge_blame_file/release/manifest-merger-blame-release-report.txt
1<?xml version="1.0" encoding="utf-8"?>
2<manifest xmlns:android="http://schemas.android.com/apk/res/android"
3    package="com.app.chatapp"
4    android:versionCode="1"
5    android:versionName="1.0" >
6
7    <uses-sdk
8        android:minSdkVersion="23"
8-->src\main\AndroidManifest.xml
9        android:targetSdkVersion="33" />
9-->src\main\AndroidManifest.xml
10
11    <uses-permission android:name="android.permission.CAMERA" />
11-->src\main\AndroidManifest.xml:5:5-65
11-->src\main\AndroidManifest.xml:5:22-62
12    <uses-permission android:name="android.permission.READ_EXTERNAL_STORAGE" />
12-->src\main\AndroidManifest.xml:6:5-80
12-->src\main\AndroidManifest.xml:6:22-77
13    <uses-permission android:name="android.permission.RECORD_AUDIO" />
13-->src\main\AndroidManifest.xml:7:5-71
13-->src\main\AndroidManifest.xml:7:22-68
14    <uses-permission android:name="android.permission.WRITE_EXTERNAL_STORAGE" />
14-->src\main\AndroidManifest.xml:8:5-81
14-->src\main\AndroidManifest.xml:8:22-78
15    <uses-permission android:name="android.permission.INTERNET" />
15-->[com.google.firebase:firebase-auth:21.0.6] AndroidManifest.xml:23:5-67
15-->[com.google.firebase:firebase-auth:21.0.6] AndroidManifest.xml:23:22-64
16    <uses-permission android:name="android.permission.ACCESS_NETWORK_STATE" />
16-->[com.google.firebase:firebase-auth:21.0.6] AndroidManifest.xml:24:5-79
16-->[com.google.firebase:firebase-auth:21.0.6] AndroidManifest.xml:24:22-76
17
18    <queries>
18-->[androidx.camera:camera-extensions:1.2.0-beta02] AndroidManifest.xml:22:5-26:15
19        <intent>
19-->[androidx.camera:camera-extensions:1.2.0-beta02] AndroidManifest.xml:23:9-25:18
20            <action android:name="androidx.camera.extensions.action.VENDOR_ACTION" />
20-->[androidx.camera:camera-extensions:1.2.0-beta02] AndroidManifest.xml:24:13-86
20-->[androidx.camera:camera-extensions:1.2.0-beta02] AndroidManifest.xml:24:21-83
21        </intent>
22
23        <package android:name="com.google.ar.core" />
23-->[com.google.ar:core:1.32.0] AndroidManifest.xml:30:9-54
23-->[com.google.ar:core:1.32.0] AndroidManifest.xml:30:18-51
24    </queries>
25
26    <application
26-->src\main\AndroidManifest.xml:10:5-72:19
27        android:allowBackup="true"
27-->src\main\AndroidManifest.xml:11:9-35
28        android:appComponentFactory="androidx.core.app.CoreComponentFactory"
28-->[androidx.core:core:1.8.0] AndroidManifest.xml:24:18-86
29        android:dataExtractionRules="@xml/data_extraction_rules"
29-->src\main\AndroidManifest.xml:12:9-65
30        android:extractNativeLibs="false"
31        android:fullBackupContent="@xml/backup_rules"
31-->src\main\AndroidManifest.xml:13:9-54
32        android:icon="@mipmap/logo"
32-->src\main\AndroidManifest.xml:14:9-36
33        android:label="@string/app_name"
33-->src\main\AndroidManifest.xml:15:9-41
34        android:noHistory="true"
34-->src\main\AndroidManifest.xml:19:9-33
35        android:roundIcon="@mipmap/logo"
35-->src\main\AndroidManifest.xml:16:9-41
36        android:supportsRtl="true"
36-->src\main\AndroidManifest.xml:17:9-35
37        android:theme="@style/Theme.ChatApp" >
37-->src\main\AndroidManifest.xml:18:9-45
38        <activity
38-->src\main\AndroidManifest.xml:21:9-27:20
39            android:name="com.app.chatapp.Activities.ProfileActivity"
39-->src\main\AndroidManifest.xml:22:13-55
40            android:exported="false" >
40-->src\main\AndroidManifest.xml:23:13-37
41            <meta-data
41-->src\main\AndroidManifest.xml:24:13-26:36
42                android:name="android.app.lib_name"
42-->src\main\AndroidManifest.xml:25:17-52
43                android:value="" />
43-->src\main\AndroidManifest.xml:26:17-33
44        </activity>
45        <activity
45-->src\main\AndroidManifest.xml:28:9-34:20
46            android:name="com.app.chatapp.Activities.ImageViewActivity"
46-->src\main\AndroidManifest.xml:29:13-57
47            android:exported="false" >
47-->src\main\AndroidManifest.xml:30:13-37
48            <meta-data
48-->src\main\AndroidManifest.xml:24:13-26:36
49                android:name="android.app.lib_name"
49-->src\main\AndroidManifest.xml:25:17-52
50                android:value="" />
50-->src\main\AndroidManifest.xml:26:17-33
51        </activity>
52        <activity
52-->src\main\AndroidManifest.xml:35:9-41:20
53            android:name="com.app.chatapp.Activities.CameraActivity"
53-->src\main\AndroidManifest.xml:36:13-54
54            android:exported="false" >
54-->src\main\AndroidManifest.xml:37:13-37
55            <meta-data
55-->src\main\AndroidManifest.xml:24:13-26:36
56                android:name="android.app.lib_name"
56-->src\main\AndroidManifest.xml:25:17-52
57                android:value="" />
57-->src\main\AndroidManifest.xml:26:17-33
58        </activity>
59        <activity
59-->src\main\AndroidManifest.xml:42:9-44:40
60            android:name="com.app.chatapp.Activities.CreateUserWithPhoneActivity"
60-->src\main\AndroidManifest.xml:43:13-67
61            android:exported="false" />
61-->src\main\AndroidManifest.xml:44:13-37
62        <activity
62-->src\main\AndroidManifest.xml:45:9-47:40
63            android:name="com.app.chatapp.Activities.VerifyOtpActivity"
63-->src\main\AndroidManifest.xml:46:13-57
64            android:exported="false" />
64-->src\main\AndroidManifest.xml:47:13-37
65        <activity
65-->src\main\AndroidManifest.xml:48:9-50:40
66            android:name="com.app.chatapp.Activities.PhoneSignUpActivity"
66-->src\main\AndroidManifest.xml:49:13-59
67            android:exported="false" />
67-->src\main\AndroidManifest.xml:50:13-37
68        <activity
68-->src\main\AndroidManifest.xml:51:9-53:40
69            android:name="com.app.chatapp.Activities.ChatActivity"
69-->src\main\AndroidManifest.xml:52:13-52
70            android:exported="false" />
70-->src\main\AndroidManifest.xml:53:13-37
71        <activity
71-->src\main\AndroidManifest.xml:54:9-56:40
72            android:name="com.app.chatapp.Activities.HomeActivity"
72-->src\main\AndroidManifest.xml:55:13-52
73            android:exported="false" />
73-->src\main\AndroidManifest.xml:56:13-37
74        <activity
74-->src\main\AndroidManifest.xml:57:9-59:40
75            android:name="com.app.chatapp.Activities.SignInActivity"
75-->src\main\AndroidManifest.xml:58:13-54
76            android:exported="false" />
76-->src\main\AndroidManifest.xml:59:13-37
77        <activity
77-->src\main\AndroidManifest.xml:60:9-62:40
78            android:name="com.app.chatapp.Activities.SignUpActivity"
78-->src\main\AndroidManifest.xml:61:13-54
79            android:exported="false" />
79-->src\main\AndroidManifest.xml:62:13-37
80        <activity
80-->src\main\AndroidManifest.xml:63:9-71:20
81            android:name="com.app.chatapp.Activities.MainActivity"
81-->src\main\AndroidManifest.xml:64:13-52
82            android:exported="true" >
82-->src\main\AndroidManifest.xml:65:13-36
83            <intent-filter>
83-->src\main\AndroidManifest.xml:66:13-70:29
84                <action android:name="android.intent.action.MAIN" />
84-->src\main\AndroidManifest.xml:67:17-69
84-->src\main\AndroidManifest.xml:67:25-66
85
86                <category android:name="android.intent.category.LAUNCHER" />
86-->src\main\AndroidManifest.xml:69:17-77
86-->src\main\AndroidManifest.xml:69:27-74
87            </intent-filter>
88        </activity>
89        <activity
89-->[com.google.firebase:firebase-auth:21.0.6] AndroidManifest.xml:27:9-44:20
90            android:name="com.google.firebase.auth.internal.GenericIdpActivity"
90-->[com.google.firebase:firebase-auth:21.0.6] AndroidManifest.xml:28:13-80
91            android:excludeFromRecents="true"
91-->[com.google.firebase:firebase-auth:21.0.6] AndroidManifest.xml:29:13-46
92            android:exported="true"
92-->[com.google.firebase:firebase-auth:21.0.6] AndroidManifest.xml:30:13-36
93            android:launchMode="singleTask"
93-->[com.google.firebase:firebase-auth:21.0.6] AndroidManifest.xml:31:13-44
94            android:theme="@android:style/Theme.Translucent.NoTitleBar" >
94-->[com.google.firebase:firebase-auth:21.0.6] AndroidManifest.xml:32:13-72
95            <intent-filter>
95-->[com.google.firebase:firebase-auth:21.0.6] AndroidManifest.xml:33:13-43:29
96                <action android:name="android.intent.action.VIEW" />
96-->[com.google.firebase:firebase-auth:21.0.6] AndroidManifest.xml:34:17-69
96-->[com.google.firebase:firebase-auth:21.0.6] AndroidManifest.xml:34:25-66
97
98                <category android:name="android.intent.category.DEFAULT" />
98-->[com.google.firebase:firebase-auth:21.0.6] AndroidManifest.xml:36:17-76
98-->[com.google.firebase:firebase-auth:21.0.6] AndroidManifest.xml:36:27-73
99                <category android:name="android.intent.category.BROWSABLE" />
99-->[com.google.firebase:firebase-auth:21.0.6] AndroidManifest.xml:37:17-78
99-->[com.google.firebase:firebase-auth:21.0.6] AndroidManifest.xml:37:27-75
100
101                <data
101-->[com.google.firebase:firebase-auth:21.0.6] AndroidManifest.xml:39:17-42:51
102                    android:host="firebase.auth"
102-->[com.google.firebase:firebase-auth:21.0.6] AndroidManifest.xml:40:21-49
103                    android:path="/"
103-->[com.google.firebase:firebase-auth:21.0.6] AndroidManifest.xml:41:21-37
104                    android:scheme="genericidp" />
104-->[com.google.firebase:firebase-auth:21.0.6] AndroidManifest.xml:42:21-48
105            </intent-filter>
106        </activity>
107        <activity
107-->[com.google.firebase:firebase-auth:21.0.6] AndroidManifest.xml:45:9-62:20
108            android:name="com.google.firebase.auth.internal.RecaptchaActivity"
108-->[com.google.firebase:firebase-auth:21.0.6] AndroidManifest.xml:46:13-79
109            android:excludeFromRecents="true"
109-->[com.google.firebase:firebase-auth:21.0.6] AndroidManifest.xml:47:13-46
110            android:exported="true"
110-->[com.google.firebase:firebase-auth:21.0.6] AndroidManifest.xml:48:13-36
111            android:launchMode="singleTask"
111-->[com.google.firebase:firebase-auth:21.0.6] AndroidManifest.xml:49:13-44
112            android:theme="@android:style/Theme.Translucent.NoTitleBar" >
112-->[com.google.firebase:firebase-auth:21.0.6] AndroidManifest.xml:50:13-72
113            <intent-filter>
113-->[com.google.firebase:firebase-auth:21.0.6] AndroidManifest.xml:51:13-61:29
114                <action android:name="android.intent.action.VIEW" />
114-->[com.google.firebase:firebase-auth:21.0.6] AndroidManifest.xml:34:17-69
114-->[com.google.firebase:firebase-auth:21.0.6] AndroidManifest.xml:34:25-66
115
116                <category android:name="android.intent.category.DEFAULT" />
116-->[com.google.firebase:firebase-auth:21.0.6] AndroidManifest.xml:36:17-76
116-->[com.google.firebase:firebase-auth:21.0.6] AndroidManifest.xml:36:27-73
117                <category android:name="android.intent.category.BROWSABLE" />
117-->[com.google.firebase:firebase-auth:21.0.6] AndroidManifest.xml:37:17-78
117-->[com.google.firebase:firebase-auth:21.0.6] AndroidManifest.xml:37:27-75
118
119                <data
119-->[com.google.firebase:firebase-auth:21.0.6] AndroidManifest.xml:39:17-42:51
120                    android:host="firebase.auth"
120-->[com.google.firebase:firebase-auth:21.0.6] AndroidManifest.xml:40:21-49
121                    android:path="/"
121-->[com.google.firebase:firebase-auth:21.0.6] AndroidManifest.xml:41:21-37
122                    android:scheme="recaptcha" />
122-->[com.google.firebase:firebase-auth:21.0.6] AndroidManifest.xml:42:21-48
123            </intent-filter>
124        </activity>
125
126        <service
126-->[com.google.firebase:firebase-auth:21.0.6] AndroidManifest.xml:64:9-70:19
127            android:name="com.google.firebase.components.ComponentDiscoveryService"
127-->[com.google.firebase:firebase-auth:21.0.6] AndroidManifest.xml:65:13-84
128            android:directBootAware="true"
128-->[com.google.firebase:firebase-common:20.1.1] AndroidManifest.xml:35:13-43
129            android:exported="false" >
129-->[com.google.firebase:firebase-auth:21.0.6] AndroidManifest.xml:66:13-37
130            <meta-data
130-->[com.google.firebase:firebase-auth:21.0.6] AndroidManifest.xml:67:13-69:85
131                android:name="com.google.firebase.components:com.google.firebase.auth.FirebaseAuthRegistrar"
131-->[com.google.firebase:firebase-auth:21.0.6] AndroidManifest.xml:68:17-109
132                android:value="com.google.firebase.components.ComponentRegistrar" />
132-->[com.google.firebase:firebase-auth:21.0.6] AndroidManifest.xml:69:17-82
133            <meta-data
133-->[com.google.firebase:firebase-database:20.0.5] AndroidManifest.xml:32:13-34:85
134                android:name="com.google.firebase.components:com.google.firebase.database.DatabaseRegistrar"
134-->[com.google.firebase:firebase-database:20.0.5] AndroidManifest.xml:33:17-109
135                android:value="com.google.firebase.components.ComponentRegistrar" />
135-->[com.google.firebase:firebase-database:20.0.5] AndroidManifest.xml:34:17-82
136            <meta-data
136-->[com.google.firebase:firebase-firestore:24.2.1] AndroidManifest.xml:20:13-22:85
137                android:name="com.google.firebase.components:com.google.firebase.firestore.FirestoreRegistrar"
137-->[com.google.firebase:firebase-firestore:24.2.1] AndroidManifest.xml:21:17-111
138                android:value="com.google.firebase.components.ComponentRegistrar" />
138-->[com.google.firebase:firebase-firestore:24.2.1] AndroidManifest.xml:22:17-82
139            <meta-data
139-->[com.google.firebase:firebase-storage:20.0.1] AndroidManifest.xml:33:13-35:85
140                android:name="com.google.firebase.components:com.google.firebase.storage.StorageRegistrar"
140-->[com.google.firebase:firebase-storage:20.0.1] AndroidManifest.xml:34:17-107
141                android:value="com.google.firebase.components.ComponentRegistrar" />
141-->[com.google.firebase:firebase-storage:20.0.1] AndroidManifest.xml:35:17-82
142        </service>
143
144        <provider
144-->[com.squareup.picasso:picasso:2.71828] AndroidManifest.xml:8:9-11:40
145            android:name="com.squareup.picasso.PicassoProvider"
145-->[com.squareup.picasso:picasso:2.71828] AndroidManifest.xml:9:13-64
146            android:authorities="com.app.chatapp.com.squareup.picasso"
146-->[com.squareup.picasso:picasso:2.71828] AndroidManifest.xml:10:13-72
147            android:exported="false" />
147-->[com.squareup.picasso:picasso:2.71828] AndroidManifest.xml:11:13-37
148
149        <uses-library
149-->[androidx.camera:camera-extensions:1.2.0-beta02] AndroidManifest.xml:29:9-31:40
150            android:name="androidx.camera.extensions.impl"
150-->[androidx.camera:camera-extensions:1.2.0-beta02] AndroidManifest.xml:30:13-59
151            android:required="false" />
151-->[androidx.camera:camera-extensions:1.2.0-beta02] AndroidManifest.xml:31:13-37
152
153        <service
153-->[androidx.camera:camera-camera2:1.2.0-beta02] AndroidManifest.xml:24:9-33:19
154            android:name="androidx.camera.core.impl.MetadataHolderService"
154-->[androidx.camera:camera-camera2:1.2.0-beta02] AndroidManifest.xml:25:13-75
155            android:enabled="false"
155-->[androidx.camera:camera-camera2:1.2.0-beta02] AndroidManifest.xml:26:13-36
156            android:exported="false" >
156-->[androidx.camera:camera-camera2:1.2.0-beta02] AndroidManifest.xml:27:13-37
157            <meta-data
157-->[androidx.camera:camera-camera2:1.2.0-beta02] AndroidManifest.xml:30:13-32:89
158                android:name="androidx.camera.core.impl.MetadataHolderService.DEFAULT_CONFIG_PROVIDER"
158-->[androidx.camera:camera-camera2:1.2.0-beta02] AndroidManifest.xml:31:17-103
159                android:value="androidx.camera.camera2.Camera2Config$DefaultProvider" />
159-->[androidx.camera:camera-camera2:1.2.0-beta02] AndroidManifest.xml:32:17-86
160        </service> <!-- The minimal version code of ARCore APK required for an app using this SDK. -->
161        <meta-data
161-->[com.google.ar:core:1.32.0] AndroidManifest.xml:36:9-38:41
162            android:name="com.google.ar.core.min_apk_version"
162-->[com.google.ar:core:1.32.0] AndroidManifest.xml:37:13-62
163            android:value="221020000" /> <!-- This activity is critical for installing ARCore when it is not already present. -->
163-->[com.google.ar:core:1.32.0] AndroidManifest.xml:38:13-38
164        <activity
164-->[com.google.ar:core:1.32.0] AndroidManifest.xml:40:9-46:80
165            android:name="com.google.ar.core.InstallActivity"
165-->[com.google.ar:core:1.32.0] AndroidManifest.xml:41:13-62
166            android:configChanges="keyboardHidden|orientation|screenSize"
166-->[com.google.ar:core:1.32.0] AndroidManifest.xml:42:13-74
167            android:excludeFromRecents="true"
167-->[com.google.ar:core:1.32.0] AndroidManifest.xml:43:13-46
168            android:exported="false"
168-->[com.google.ar:core:1.32.0] AndroidManifest.xml:44:13-37
169            android:launchMode="singleTop"
169-->[com.google.ar:core:1.32.0] AndroidManifest.xml:45:13-43
170            android:theme="@android:style/Theme.Material.Light.Dialog.Alert" />
170-->[com.google.ar:core:1.32.0] AndroidManifest.xml:46:13-77
171
172        <provider
172-->[com.google.firebase:firebase-common:20.1.1] AndroidManifest.xml:26:9-31:39
173            android:name="com.google.firebase.provider.FirebaseInitProvider"
173-->[com.google.firebase:firebase-common:20.1.1] AndroidManifest.xml:27:13-77
174            android:authorities="com.app.chatapp.firebaseinitprovider"
174-->[com.google.firebase:firebase-common:20.1.1] AndroidManifest.xml:28:13-72
175            android:directBootAware="true"
175-->[com.google.firebase:firebase-common:20.1.1] AndroidManifest.xml:29:13-43
176            android:exported="false"
176-->[com.google.firebase:firebase-common:20.1.1] AndroidManifest.xml:30:13-37
177            android:initOrder="100" />
177-->[com.google.firebase:firebase-common:20.1.1] AndroidManifest.xml:31:13-36
178
179        <activity
179-->[com.google.android.gms:play-services-base:18.0.1] AndroidManifest.xml:20:9-22:45
180            android:name="com.google.android.gms.common.api.GoogleApiActivity"
180-->[com.google.android.gms:play-services-base:18.0.1] AndroidManifest.xml:20:19-85
181            android:exported="false"
181-->[com.google.android.gms:play-services-base:18.0.1] AndroidManifest.xml:22:19-43
182            android:theme="@android:style/Theme.Translucent.NoTitleBar" />
182-->[com.google.android.gms:play-services-base:18.0.1] AndroidManifest.xml:21:19-78
183
184        <meta-data
184-->[com.google.android.gms:play-services-basement:18.0.0] AndroidManifest.xml:21:9-23:69
185            android:name="com.google.android.gms.version"
185-->[com.google.android.gms:play-services-basement:18.0.0] AndroidManifest.xml:22:13-58
186            android:value="@integer/google_play_services_version" />
186-->[com.google.android.gms:play-services-basement:18.0.0] AndroidManifest.xml:23:13-66
187
188        <provider
188-->[androidx.emoji2:emoji2:1.2.0] AndroidManifest.xml:24:9-32:20
189            android:name="androidx.startup.InitializationProvider"
189-->[androidx.emoji2:emoji2:1.2.0] AndroidManifest.xml:25:13-67
190            android:authorities="com.app.chatapp.androidx-startup"
190-->[androidx.emoji2:emoji2:1.2.0] AndroidManifest.xml:26:13-68
191            android:exported="false" >
191-->[androidx.emoji2:emoji2:1.2.0] AndroidManifest.xml:27:13-37
192            <meta-data
192-->[androidx.emoji2:emoji2:1.2.0] AndroidManifest.xml:29:13-31:52
193                android:name="androidx.emoji2.text.EmojiCompatInitializer"
193-->[androidx.emoji2:emoji2:1.2.0] AndroidManifest.xml:30:17-75
194                android:value="androidx.startup" />
194-->[androidx.emoji2:emoji2:1.2.0] AndroidManifest.xml:31:17-49
195            <meta-data
195-->[androidx.lifecycle:lifecycle-process:2.4.1] AndroidManifest.xml:31:13-33:52
196                android:name="androidx.lifecycle.ProcessLifecycleInitializer"
196-->[androidx.lifecycle:lifecycle-process:2.4.1] AndroidManifest.xml:32:17-78
197                android:value="androidx.startup" />
197-->[androidx.lifecycle:lifecycle-process:2.4.1] AndroidManifest.xml:33:17-49
198        </provider>
199    </application>
200
201</manifest>